#
# There is insufficient memory for the Java Runtime Environment to continue.
# Native memory allocation (malloc) failed to allocate 32744 bytes for ChunkPool::allocate
# Possible reasons:
#   The system is out of physical RAM or swap space
#   In 32 bit mode, the process size limit was hit
# Possible solutions:
#   Reduce memory load on the system
#   Increase physical memory or swap space
#   Check if swap backing store is full
#   Use 64 bit Java on a 64 bit OS
#   Decrease Java heap size (-Xmx/-Xms)
#   Decrease number of Java threads
#   Decrease Java thread stack sizes (-Xss)
#   Set larger code cache with -XX:ReservedCodeCacheSize=
# This output file may be truncated or incomplete.
#
#  Out of Memory Error (allocation.cpp:273), pid=7472, tid=0x0000000000002170
#
# JRE version: Java(TM) SE Runtime Environment (8.0_101-b13) (build 1.8.0_101-b13)
# Java VM: Java HotSpot(TM) 64-Bit Server VM (25.101-b13 mixed mode windows-amd64 compressed oops)
# Failed to write core dump. Minidumps are not enabled by default on client versions of Windows
#

---------------  T H R E A D  ---------------

Current thread (0x000000001b9fa800):  JavaThread "localhost-startStop-1" daemon [_thread_in_vm, id=8560, stack(0x000000001cfc0000,0x000000001d0c0000)]

Stack: [0x000000001cfc0000,0x000000001d0c0000]
[error occurred during error reporting (printing stack bounds), id 0xc0000005]

Native frames: (J=compiled Java code, j=interpreted, Vv=VM code, C=native code)

Java frames: (J=compiled Java code, j=interpreted, Vv=VM code)
v  ~RuntimeStub::counter_overflow Runtime1 stub
J 1521 C1 java.util.jar.Manifest$FastInputStream.readLine([BII)I (167 bytes) @ 0x0000000003141212 [0x0000000003140d80+0x492]
J 3034 C1 java.util.jar.Attributes.read(Ljava/util/jar/Manifest$FastInputStream;[B)V (380 bytes) @ 0x000000000369c98c [0x000000000369c860+0x12c]
j  java.util.jar.Manifest.read(Ljava/io/InputStream;)V+21
j  java.util.jar.JarInputStream.checkManifest(Ljava/util/jar/JarEntry;)Ljava/util/jar/JarEntry;+52
j  java.util.jar.JarInputStream.<init>(Ljava/io/InputStream;Z)V+45
j  java.util.jar.JarInputStream.<init>(Ljava/io/InputStream;)V+3
j  org.apache.catalina.util.ExtensionValidator.getManifest(Ljava/io/InputStream;)Ljava/util/jar/Manifest;+7
j  org.apache.catalina.util.ExtensionValidator.addSystemResource(Ljava/io/File;)V+12
j  org.apache.catalina.util.ExtensionValidator.addFolderList(Ljava/lang/String;)V+113
j  org.apache.catalina.util.ExtensionValidator.<clinit>()V+132
v  ~StubRoutines::call_stub
j  org.apache.catalina.core.StandardContext.startInternal()V+239
j  org.apache.catalina.util.LifecycleBase.start()V+210
j  org.apache.catalina.core.ContainerBase$StartChild.call()Ljava/lang/Void;+4
j  org.apache.catalina.core.ContainerBase$StartChild.call()Ljava/lang/Object;+1
j  java.util.concurrent.FutureTask.run()V+42
j  java.util.concurrent.ThreadPoolExecutor.runWorker(Ljava/util/concurrent/ThreadPoolExecutor$Worker;)V+95
j  java.util.concurrent.ThreadPoolExecutor$Worker.run()V+5
j  java.lang.Thread.run()V+11
v  ~StubRoutines::call_stub

---------------  P R O C E S S  ---------------

Java Threads: ( => current thread )
=>0x000000001b9fa800 JavaThread "localhost-startStop-1" daemon [_thread_in_vm, id=8560, stack(0x000000001cfc0000,0x000000001d0c0000)]
  0x000000001af4b800 JavaThread "Tomcat-startStop-1" daemon [_thread_blocked, id=3712, stack(0x0000000019f30000,0x000000001a030000)]
  0x0000000018363000 JavaThread "Monitor Ctrl-Break" daemon [_thread_in_native, id=8380, stack(0x0000000018a80000,0x0000000018b80000)]
  0x0000000017ca2800 JavaThread "Service Thread" daemon [_thread_blocked, id=9516, stack(0x0000000018080000,0x0000000018180000)]
  0x000000001631e800 JavaThread "C1 CompilerThread2" daemon [_thread_blocked, id=10724, stack(0x0000000017b80000,0x0000000017c80000)]
  0x0000000016318000 JavaThread "C2 CompilerThread1" daemon [_thread_in_native, id=2284, stack(0x0000000017a80000,0x0000000017b80000)]
  0x0000000016313800 JavaThread "C2 CompilerThread0" daemon [_thread_in_native, id=11120, stack(0x0000000017980000,0x0000000017a80000)]
  0x0000000016312800 JavaThread "Attach Listener" daemon [_thread_blocked, id=5436, stack(0x0000000017880000,0x0000000017980000)]
  0x000000001630f000 JavaThread "Signal Dispatcher" daemon [_thread_blocked, id=9244, stack(0x0000000017780000,0x0000000017880000)]
  0x00000000162fa800 JavaThread "Finalizer" daemon [_thread_blocked, id=4500, stack(0x00000000175a0000,0x00000000176a0000)]
  0x0000000002b95000 JavaThread "Reference Handler" daemon [_thread_blocked, id=10108, stack(0x00000000174a0000,0x00000000175a0000)]
  0x0000000002aa5000 JavaThread "main" [_thread_blocked, id=9712, stack(0x00000000029a0000,0x0000000002aa0000)]

Other Threads:
  0x00000000162d6800 VMThread [stack: 0x00000000173a0000,0x00000000174a0000] [id=1920]
  0x0000000017cf4000 WatcherThread [stack: 0x0000000018180000,0x0000000018280000] [id=10528]

VM state:not at safepoint (normal execution)

VM Mutex/Monitor currently owned by a thread: None

Heap:
 PSYoungGen      total 163840K, used 41632K [0x00000000e1300000, 0x00000000ee300000, 0x0000000100000000)
  eden space 156160K, 21% used [0x00000000e1300000,0x00000000e3450ab8,0x00000000eab80000)
  from space 7680K, 97% used [0x00000000edb80000,0x00000000ee2d77c8,0x00000000ee300000)
  to   space 9216K, 0% used [0x00000000ed100000,0x00000000ed100000,0x00000000eda00000)
 ParOldGen       total 55296K, used 16944K [0x00000000a3800000, 0x00000000a6e00000, 0x00000000e1300000)
  object space 55296K, 30% used [0x00000000a3800000,0x00000000a488c3f0,0x00000000a6e00000)
 Metaspace       used 27674K, capacity 27884K, committed 28336K, reserved 1075200K
  class space    used 3361K, capacity 3387K, committed 3504K, reserved 1048576K

Card table byte_map: [0x0000000011f60000,0x0000000012250000] byte_map_base: 0x0000000011a44000

Marking Bits: (ParMarkBitMap*) 0x000000005826a6d0
 Begin Bits: [0x0000000012840000, 0x0000000013f60000)
 End Bits:   [0x0000000013f60000, 0x0000000015680000)

Polling page: 0x00000000005f0000

CodeCache: size=245760Kb used=11277Kb max_used=11277Kb free=234482Kb
 bounds [0x0000000002ba0000, 0x00000000036b0000, 0x0000000011ba0000]
 total_blobs=3400 nmethods=3006 adapters=306
 compilation: enabled

Compilation events (10 events):
Event: 5.908 Thread 0x000000001631e800 nmethod 3064 0x00000000036a6ad0 code [0x00000000036a6c60, 0x00000000036a7228]
Event: 5.908 Thread 0x000000001631e800 3065   !   2       java.util.zip.Inflater::getBytesWritten (23 bytes)
Event: 5.908 Thread 0x000000001631e800 nmethod 3065 0x00000000036a7450 code [0x00000000036a75c0, 0x00000000036a78e8]
Event: 5.909 Thread 0x000000001631e800 3066       2       java.util.zip.Inflater::<init> (27 bytes)
Event: 5.909 Thread 0x000000001631e800 nmethod 3066 0x00000000036a7a10 code [0x00000000036a7b80, 0x00000000036a7dc8]
Event: 5.909 Thread 0x000000001631e800 3067       2       java.util.zip.ZStreamRef::<init> (10 bytes)
Event: 5.909 Thread 0x000000001631e800 nmethod 3067 0x00000000036a7ed0 code [0x00000000036a8020, 0x00000000036a8190]
Event: 5.911 Thread 0x000000001631e800 3068       2       java.util.jar.Manifest$FastInputStream::fill (38 bytes)
Event: 5.911 Thread 0x000000001631e800 nmethod 3068 0x00000000036a8210 code [0x00000000036a8380, 0x00000000036a8528]
Event: 5.916 Thread 0x000000001631e800 3069   !   2       java.io.WinNTFileSystem::resolve (362 bytes)

GC Heap History (10 events):
Event: 3.303 GC heap before
{Heap before GC invocations=5 (full 0):
 PSYoungGen      total 52736K, used 52705K [0x00000000e1300000, 0x00000000e4a00000, 0x0000000100000000)
  eden space 49152K, 100% used [0x00000000e1300000,0x00000000e4300000,0x00000000e4300000)
  from space 3584K, 99% used [0x00000000e4680000,0x00000000e49f87d8,0x00000000e4a00000)
  to   space 3584K, 0% used [0x00000000e4300000,0x00000000e4300000,0x00000000e4680000)
 ParOldGen       total 64512K, used 14260K [0x00000000a3800000, 0x00000000a7700000, 0x00000000e1300000)
  object space 64512K, 22% used [0x00000000a3800000,0x00000000a45ed0f8,0x00000000a7700000)
 Metaspace       used 19402K, capacity 19556K, committed 19840K, reserved 1067008K
  class space    used 2315K, capacity 2351K, committed 2432K, reserved 1048576K
Event: 3.329 GC heap after
Heap after GC invocations=5 (full 0):
 PSYoungGen      total 52736K, used 3584K [0x00000000e1300000, 0x00000000e8400000, 0x0000000100000000)
  eden space 49152K, 0% used [0x00000000e1300000,0x00000000e1300000,0x00000000e4300000)
  from space 3584K, 100% used [0x00000000e4300000,0x00000000e4680000,0x00000000e4680000)
  to   space 8704K, 0% used [0x00000000e7b80000,0x00000000e7b80000,0x00000000e8400000)
 ParOldGen       total 64512K, used 16174K [0x00000000a3800000, 0x00000000a7700000, 0x00000000e1300000)
  object space 64512K, 25% used [0x00000000a3800000,0x00000000a47cbbc8,0x00000000a7700000)
 Metaspace       used 19402K, capacity 19556K, committed 19840K, reserved 1067008K
  class space    used 2315K, capacity 2351K, committed 2432K, reserved 1048576K
}
Event: 3.727 GC heap before
{Heap before GC invocations=6 (full 0):
 PSYoungGen      total 52736K, used 52736K [0x00000000e1300000, 0x00000000e8400000, 0x0000000100000000)
  eden space 49152K, 100% used [0x00000000e1300000,0x00000000e4300000,0x00000000e4300000)
  from space 3584K, 100% used [0x00000000e4300000,0x00000000e4680000,0x00000000e4680000)
  to   space 8704K, 0% used [0x00000000e7b80000,0x00000000e7b80000,0x00000000e8400000)
 ParOldGen       total 64512K, used 16174K [0x00000000a3800000, 0x00000000a7700000, 0x00000000e1300000)
  object space 64512K, 25% used [0x00000000a3800000,0x00000000a47cbbc8,0x00000000a7700000)
 Metaspace       used 20190K, capacity 20374K, committed 20736K, reserved 1067008K
  class space    used 2417K, capacity 2450K, committed 2560K, reserved 1048576K
Event: 3.738 GC heap after
Heap after GC invocations=6 (full 0):
 PSYoungGen      total 107008K, used 5786K [0x00000000e1300000, 0x00000000e8400000, 0x0000000100000000)
  eden space 98304K, 0% used [0x00000000e1300000,0x00000000e1300000,0x00000000e7300000)
  from space 8704K, 66% used [0x00000000e7b80000,0x00000000e8126848,0x00000000e8400000)
  to   space 8704K, 0% used [0x00000000e7300000,0x00000000e7300000,0x00000000e7b80000)
 ParOldGen       total 64512K, used 16174K [0x00000000a3800000, 0x00000000a7700000, 0x00000000e1300000)
  object space 64512K, 25% used [0x00000000a3800000,0x00000000a47cbbc8,0x00000000a7700000)
 Metaspace       used 20190K, capacity 20374K, committed 20736K, reserved 1067008K
  class space    used 2417K, capacity 2450K, committed 2560K, reserved 1048576K
}
Event: 4.116 GC heap before
{Heap before GC invocations=7 (full 0):
 PSYoungGen      total 107008K, used 52455K [0x00000000e1300000, 0x00000000e8400000, 0x0000000100000000)
  eden space 98304K, 47% used [0x00000000e1300000,0x00000000e40934c0,0x00000000e7300000)
  from space 8704K, 66% used [0x00000000e7b80000,0x00000000e8126848,0x00000000e8400000)
  to   space 8704K, 0% used [0x00000000e7300000,0x00000000e7300000,0x00000000e7b80000)
 ParOldGen       total 64512K, used 16174K [0x00000000a3800000, 0x00000000a7700000, 0x00000000e1300000)
  object space 64512K, 25% used [0x00000000a3800000,0x00000000a47cbbc8,0x00000000a7700000)
 Metaspace       used 21062K, capacity 21212K, committed 21296K, reserved 1069056K
  class space    used 2543K, capacity 2579K, committed 2608K, reserved 1048576K
Event: 4.130 GC heap after
Heap after GC invocations=7 (full 0):
 PSYoungGen      total 107008K, used 7768K [0x00000000e1300000, 0x00000000ee400000, 0x0000000100000000)
  eden space 98304K, 0% used [0x00000000e1300000,0x00000000e1300000,0x00000000e7300000)
  from space 8704K, 89% used [0x00000000e7300000,0x00000000e7a96378,0x00000000e7b80000)
  to   space 8704K, 0% used [0x00000000edb80000,0x00000000edb80000,0x00000000ee400000)
 ParOldGen       total 64512K, used 17135K [0x00000000a3800000, 0x00000000a7700000, 0x00000000e1300000)
  object space 64512K, 26% used [0x00000000a3800000,0x00000000a48bbf50,0x00000000a7700000)
 Metaspace       used 21062K, capacity 21212K, committed 21296K, reserved 1069056K
  class space    used 2543K, capacity 2579K, committed 2608K, reserved 1048576K
}
Event: 4.130 GC heap before
{Heap before GC invocations=8 (full 1):
 PSYoungGen      total 107008K, used 7768K [0x00000000e1300000, 0x00000000ee400000, 0x0000000100000000)
  eden space 98304K, 0% used [0x00000000e1300000,0x00000000e1300000,0x00000000e7300000)
  from space 8704K, 89% used [0x00000000e7300000,0x00000000e7a96378,0x00000000e7b80000)
  to   space 8704K, 0% used [0x00000000edb80000,0x00000000edb80000,0x00000000ee400000)
 ParOldGen       total 64512K, used 17135K [0x00000000a3800000, 0x00000000a7700000, 0x00000000e1300000)
  object space 64512K, 26% used [0x00000000a3800000,0x00000000a48bbf50,0x00000000a7700000)
 Metaspace       used 21062K, capacity 21212K, committed 21296K, reserved 1069056K
  class space    used 2543K, capacity 2579K, committed 2608K, reserved 1048576K
Event: 4.185 GC heap after
Heap after GC invocations=8 (full 1):
 PSYoungGen      total 107008K, used 0K [0x00000000e1300000, 0x00000000ee400000, 0x0000000100000000)
  eden space 98304K, 0% used [0x00000000e1300000,0x00000000e1300000,0x00000000e7300000)
  from space 8704K, 0% used [0x00000000e7300000,0x00000000e7300000,0x00000000e7b80000)
  to   space 8704K, 0% used [0x00000000edb80000,0x00000000edb80000,0x00000000ee400000)
 ParOldGen       total 55296K, used 16936K [0x00000000a3800000, 0x00000000a6e00000, 0x00000000e1300000)
  object space 55296K, 30% used [0x00000000a3800000,0x00000000a488a3f0,0x00000000a6e00000)
 Metaspace       used 21062K, capacity 21212K, committed 21296K, reserved 1069056K
  class space    used 2543K, capacity 2579K, committed 2608K, reserved 1048576K
}
Event: 5.681 GC heap before
{Heap before GC invocations=9 (full 1):
 PSYoungGen      total 107008K, used 98304K [0x00000000e1300000, 0x00000000ee400000, 0x0000000100000000)
  eden space 98304K, 100% used [0x00000000e1300000,0x00000000e7300000,0x00000000e7300000)
  from space 8704K, 0% used [0x00000000e7300000,0x00000000e7300000,0x00000000e7b80000)
  to   space 8704K, 0% used [0x00000000edb80000,0x00000000edb80000,0x00000000ee400000)
 ParOldGen       total 55296K, used 16936K [0x00000000a3800000, 0x00000000a6e00000, 0x00000000e1300000)
  object space 55296K, 30% used [0x00000000a3800000,0x00000000a488a3f0,0x00000000a6e00000)
 Metaspace       used 26394K, capacity 26636K, committed 26928K, reserved 1073152K
  class space    used 3226K, capacity 3291K, committed 3376K, reserved 1048576K
Event: 5.691 GC heap after
Heap after GC invocations=9 (full 1):
 PSYoungGen      total 163840K, used 7517K [0x00000000e1300000, 0x00000000ee300000, 0x0000000100000000)
  eden space 156160K, 0% used [0x00000000e1300000,0x00000000e1300000,0x00000000eab80000)
  from space 7680K, 97% used [0x00000000edb80000,0x00000000ee2d77c8,0x00000000ee300000)
  to   space 9216K, 0% used [0x00000000ed100000,0x00000000ed100000,0x00000000eda00000)
 ParOldGen       total 55296K, used 16944K [0x00000000a3800000, 0x00000000a6e00000, 0x00000000e1300000)
  object space 55296K, 30% used [0x00000000a3800000,0x00000000a488c3f0,0x00000000a6e00000)
 Metaspace       used 26394K, capacity 26636K, committed 26928K, reserved 1073152K
  class space    used 3226K, capacity 3291K, committed 3376K, reserved 1048576K
}

Deoptimization events (10 events):
Event: 5.451 Thread 0x0000000002aa5000 Uncommon trap: reason=class_check action=maybe_recompile pc=0x0000000003108254 method=java.util.regex.Pattern$CharProperty$1.isSatisfiedBy(I)Z @ 5
Event: 5.451 Thread 0x0000000002aa5000 Uncommon trap: reason=class_check action=maybe_recompile pc=0x000000000311cfcc method=java.util.regex.Matcher.search(I)Z @ 86
Event: 5.451 Thread 0x0000000002aa5000 Uncommon trap: reason=class_check action=maybe_recompile pc=0x000000000311cfcc method=java.util.regex.Matcher.search(I)Z @ 86
Event: 5.529 Thread 0x0000000002aa5000 Uncommon trap: reason=class_check action=maybe_recompile pc=0x0000000003651d14 method=java.util.AbstractList$Itr.hasNext()Z @ 8
Event: 5.754 Thread 0x0000000002aa5000 Uncommon trap: reason=unstable_if action=reinterpret pc=0x0000000002eb6fb0 method=java.util.HashMap.hash(Ljava/lang/Object;)I @ 1
Event: 5.763 Thread 0x0000000002aa5000 Uncommon trap: reason=unstable_if action=reinterpret pc=0x00000000030a505c method=java.util.logging.Logger.isLoggable(Ljava/util/logging/Level;)Z @ 8
Event: 5.875 Thread 0x000000001b9fa800 Uncommon trap: reason=class_check action=maybe_recompile pc=0x00000000035f8d74 method=java.util.zip.InflaterInputStream.read([BII)I @ 100
Event: 5.875 Thread 0x000000001b9fa800 Uncommon trap: reason=class_check action=maybe_recompile pc=0x00000000035f8d74 method=java.util.zip.InflaterInputStream.read([BII)I @ 100
Event: 5.875 Thread 0x000000001b9fa800 Uncommon trap: reason=class_check action=maybe_recompile pc=0x00000000035f8d74 method=java.util.zip.InflaterInputStream.read([BII)I @ 100
Event: 5.875 Thread 0x000000001b9fa800 Uncommon trap: reason=class_check action=maybe_recompile pc=0x00000000035f8d74 method=java.util.zip.InflaterInputStream.read([BII)I @ 100

Internal exceptions (10 events):
Event: 5.489 Thread 0x0000000002aa5000 Exception <a 'java/lang/ClassNotFoundException': org/hibernate/validator/internal/constraintvalidators/bv/NotNullValidatorCustomizer> (0x00000000e6c2b108) thrown at [C:\re\workspace\8-2-build-windows-amd64-cygwin\jdk8u101\7261\hotspot\src\share\vm\classfil
Event: 5.507 Thread 0x0000000002aa5000 Exception <a 'java/lang/ClassNotFoundException': java/lang/ObjectCustomizer> (0x00000000e6d5ffd8) thrown at [C:\re\workspace\8-2-build-windows-amd64-cygwin\jdk8u101\7261\hotspot\src\share\vm\classfile\systemDictionary.cpp, line 210]
Event: 5.508 Thread 0x0000000002aa5000 Exception <a 'java/lang/ClassNotFoundException': org/springframework/boot/autoconfigure/web/ErrorMvcAutoConfiguration$ErrorPageCustomizerCustomizer> (0x00000000e6d81fe0) thrown at [C:\re\workspace\8-2-build-windows-amd64-cygwin\jdk8u101\7261\hotspot\src\sh@ˆÀ-
@
Event: 5.510 Thread 0x0000000002aa5000 Exception <a 'java/lang/ClassNotFoundException': java/lang/ObjectCustomizer> (0x00000000e6d94288) thrown at [C:\re\workspace\8-2-build-windows-amd64-cygwin\jdk8u101\7261\hotspot\src\share\vm\classfile\systemDictionary.cpp, line 210]
Event: 5.511 Thread 0x0000000002aa5000 Exception <a 'java/lang/ClassNotFoundException': org/springframework/boot/autoconfigure/web/ServerPropertiesAutoConfiguration$DuplicateServerPropertiesDetectorCustomizer> (0x00000000e6dbc118) thrown at [C:\re\workspace\8-2-build-windows-amd64-cygwin\jdk8u1Á…š@
Event: 5.754 Thread 0x0000000002aa5000 Implicit null exception at 0x0000000002eb6f18 to 0x0000000002eb6fa6
Event: 5.783 Thread 0x0000000002aa5000 Exception <a 'java/security/PrivilegedActionException'> (0x00000000e17f5eb8) thrown at [C:\re\workspace\8-2-build-windows-amd64-cygwin\jdk8u101\7261\hotspot\src\share\vm\prims\jvm.cpp, line 1386]
Event: 5.783 Thread 0x0000000002aa5000 Exception <a 'java/security/PrivilegedActionException'> (0x00000000e17f62b0) thrown at [C:\re\workspace\8-2-build-windows-amd64-cygwin\jdk8u101\7261\hotspot\src\share\vm\prims\jvm.cpp, line 1386]
Event: 5.817 Thread 0x000000001b9fa800 Exception <a 'java/security/PrivilegedActionException'> (0x00000000e1d731a0) thrown at [C:\re\workspace\8-2-build-windows-amd64-cygwin\jdk8u101\7261\hotspot\src\share\vm\prims\jvm.cpp, line 1386]
Event: 5.817 Thread 0x000000001b9fa800 Exception <a 'java/security/PrivilegedActionException'> (0x00000000e1d733b0) thrown at [C:\re\workspace\8-2-build-windows-amd64-cygwin\jdk8u101\7261\hotspot\src\share\vm\prims\jvm.cpp, line 1386]

Events (10 events):
Event: 5.909 Thread 0x000000001b9fa800 DEOPT PACKING pc=0x0000000003141212 sp=0x000000001d0be340
Event: 5.909 Thread 0x000000001b9fa800 DEOPT UNPACKING pc=0x0000000002be787f sp=0x000000001d0be060 mode 0
Event: 5.910 Thread 0x000000001b9fa800 DEOPT PACKING pc=0x0000000003141212 sp=0x000000001d0be340
Event: 5.910 Thread 0x000000001b9fa800 DEOPT UNPACKING pc=0x0000000002be787f sp=0x000000001d0be060 mode 0
Event: 5.910 Thread 0x000000001b9fa800 DEOPT PACKING pc=0x0000000003141212 sp=0x000000001d0be340
Event: 5.910 Thread 0x000000001b9fa800 DEOPT UNPACKING pc=0x0000000002be787f sp=0x000000001d0be060 mode 0
Event: 5.914 Thread 0x000000001b9fa800 DEOPT PACKING pc=0x0000000003141212 sp=0x000000001d0be340
Event: 5.914 Thread 0x000000001b9fa800 DEOPT UNPACKING pc=0x0000000002be787f sp=0x000000001d0be060 mode 0
Event: 5.915 Thread 0x000000001b9fa800 DEOPT PACKING pc=0x0000000003141212 sp=0x000000001d0be340
Event: 5.915 Thread 0x000000001b9fa800 DEOPT UNPACKING pc=0x0000000002be787f sp=0x000000001d0be060 mode 0


Dynamic libraries:
0x00007ff761590000 - 0x00007ff7615c7000 	C:\Program Files\Java\jdk1.8.0_101\bin\java.exe
0x00007ffecc760000 - 0x00007ffecc921000 	C:\WINDOWS\SYSTEM32\ntdll.dll
0x00007ffecbf10000 - 0x00007ffecbfbd000 	C:\WINDOWS\system32\KERNEL32.DLL
0x00007ffec94f0000 - 0x00007ffec96d8000 	C:\WINDOWS\system32\KERNELBASE.dll
0x00007ffecbfc0000 - 0x00007ffecc067000 	C:\WINDOWS\system32\ADVAPI32.dll
0x00007ffeca560000 - 0x00007ffeca5fd000 	C:\WINDOWS\system32\msvcrt.dll
0x00007ffec9d00000 - 0x00007ffec9d5b000 	C:\WINDOWS\system32\sechost.dll
0x00007ffecc080000 - 0x00007ffecc19c000 	C:\WINDOWS\system32\RPCRT4.dll
0x00007ffecc1a0000 - 0x00007ffecc2f6000 	C:\WINDOWS\system32\USER32.dll
0x00007ffecbbd0000 - 0x00007ffecbd56000 	C:\WINDOWS\system32\GDI32.dll
0x00007ffeb28f0000 - 0x00007ffeb2b64000 	C:\WINDOWS\WinSxS\amd64_microsoft.windows.common-controls_6595b64144ccf1df_6.0.10586.672_none_a2d6b3cea53ff843\COMCTL32.dll
0x00007ffecc370000 - 0x00007ffecc5ed000 	C:\WINDOWS\system32\combase.dll
0x00007ffec9ad0000 - 0x00007ffec9b3a000 	C:\WINDOWS\system32\bcryptPrimitives.dll
0x00007ffecc5f0000 - 0x00007ffecc62b000 	C:\WINDOWS\system32\IMM32.DLL
0x00000000582f0000 - 0x00000000583c2000 	C:\Program Files\Java\jdk1.8.0_101\jre\bin\msvcr100.dll
0x0000000057a50000 - 0x00000000582ea000 	C:\Program Files\Java\jdk1.8.0_101\jre\bin\server\jvm.dll
0x00007ffecc300000 - 0x00007ffecc308000 	C:\WINDOWS\system32\PSAPI.DLL
0x00007ffec1140000 - 0x00007ffec1149000 	C:\WINDOWS\SYSTEM32\WSOCK32.dll
0x00007ffec6e30000 - 0x00007ffec6e53000 	C:\WINDOWS\SYSTEM32\WINMM.dll
0x00007ffebf480000 - 0x00007ffebf48a000 	C:\WINDOWS\SYSTEM32\VERSION.dll
0x00007ffecbb60000 - 0x00007ffecbbcb000 	C:\WINDOWS\system32\WS2_32.dll
0x0000000000b20000 - 0x0000000000b4c000 	C:\WINDOWS\SYSTEM32\WINMMBASE.dll
0x00007ffec9a80000 - 0x00007ffec9ac3000 	C:\WINDOWS\system32\cfgmgr32.dll
0x0000000057a40000 - 0x0000000057a4f000 	C:\Program Files\Java\jdk1.8.0_101\jre\bin\verify.dll
0x0000000057a10000 - 0x0000000057a39000 	C:\Program Files\Java\jdk1.8.0_101\jre\bin\java.dll
0x00000000579f0000 - 0x0000000057a06000 	C:\Program Files\Java\jdk1.8.0_101\jre\bin\zip.dll
0x00007ffeca600000 - 0x00007ffecbb5c000 	C:\WINDOWS\system32\SHELL32.dll
0x00007ffec8df0000 - 0x00007ffec9435000 	C:\WINDOWS\system32\windows.storage.dll
0x00007ffecc630000 - 0x00007ffecc682000 	C:\WINDOWS\system32\shlwapi.dll
0x00007ffec8de0000 - 0x00007ffec8def000 	C:\WINDOWS\system32\kernel.appcore.dll
0x00007ffec9790000 - 0x00007ffec9845000 	C:\WINDOWS\system32\shcore.dll
0x00007ffec8d90000 - 0x00007ffec8ddb000 	C:\WINDOWS\system32\powrprof.dll
0x00007ffec8d70000 - 0x00007ffec8d84000 	C:\WINDOWS\system32\profapi.dll
0x00007ffec33e0000 - 0x00007ffec33f0000 	C:\Program Files (x86)\JetBrains\IntelliJ IDEA Community Edition 2016.3\bin\breakgen64.dll
0x00000000579d0000 - 0x00000000579ea000 	C:\Program Files\Java\jdk1.8.0_101\jre\bin\net.dll
0x00007ffec8630000 - 0x00007ffec868c000 	C:\WINDOWS\system32\mswsock.dll
0x00000000579a0000 - 0x00000000579ad000 	C:\Program Files\Java\jdk1.8.0_101\jre\bin\management.dll
0x00007ffec6170000 - 0x00007ffec6188000 	C:\WINDOWS\system32\NLAapi.dll
0x00007ffeb7340000 - 0x00007ffeb7356000 	C:\WINDOWS\system32\napinsp.dll
0x00007ffeb7390000 - 0x00007ffeb73aa000 	C:\WINDOWS\system32\pnrpnsp.dll
0x00007ffec7530000 - 0x00007ffec75da000 	C:\WINDOWS\SYSTEM32\DNSAPI.dll
0x00007ffeca550000 - 0x00007ffeca558000 	C:\WINDOWS\system32\NSI.dll
0x00007ffeb9fa0000 - 0x00007ffeb9fad000 	C:\WINDOWS\System32\winrnr.dll
0x0000000058510000 - 0x0000000058536000 	C:\Program Files\Bonjour\mdnsNSP.dll
0x00007ffec5740000 - 0x00007ffec5778000 	C:\WINDOWS\SYSTEM32\Iphlpapi.DLL
0x00007ffebfd00000 - 0x00007ffebfd0a000 	C:\Windows\System32\rasadhlp.dll
0x00007ffec5610000 - 0x00007ffec5677000 	C:\WINDOWS\System32\fwpuclnt.dll
0x00007ffec8c90000 - 0x00007ffec8cb9000 	C:\WINDOWS\SYSTEM32\bcrypt.dll
0x00000000579b0000 - 0x00000000579c1000 	C:\Program Files\Java\jdk1.8.0_101\jre\bin\nio.dll
0x00007ffec86e0000 - 0x00007ffec86f7000 	C:\WINDOWS\SYSTEM32\CRYPTSP.dll
0x00007ffec8370000 - 0x00007ffec83a4000 	C:\WINDOWS\system32\rsaenh.dll
0x00007ffec84c0000 - 0x00007ffec84df000 	C:\WINDOWS\SYSTEM32\USERENV.dll
0x00007ffec8800000 - 0x00007ffec880b000 	C:\WINDOWS\SYSTEM32\CRYPTBASE.dll
0x00007ffec52c0000 - 0x00007ffec52d6000 	C:\WINDOWS\SYSTEM32\dhcpcsvc6.DLL
0x00007ffec5060000 - 0x00007ffec507a000 	C:\WINDOWS\SYSTEM32\dhcpcsvc.DLL

VM Arguments:
jvm_args: -Didea.launcher.port=7533 -Didea.launcher.bin.path=C:\Program Files (x86)\JetBrains\IntelliJ IDEA Community Edition 2016.3\bin -Dfile.encoding=UTF-8 
java_command: com.intellij.rt.execution.application.AppMain com.github.britter.springbootherokudemo.Application
java_class_path (initial): C:\Program Files\Java\jdk1.8.0_101\jre\lib\charsets.jar;C:\Program Files\Java\jdk1.8.0_101\jre\lib\deploy.jar;C:\Program Files\Java\jdk1.8.0_101\jre\lib\ext\access-bridge-64.jar;C:\Program Files\Java\jdk1.8.0_101\jre\lib\ext\cldrdata.jar;C:\Program Files\Java\jdk1.8.0_101\jre\lib\ext\dnsns.jar;C:\Program Files\Java\jdk1.8.0_101\jre\lib\ext\jaccess.jar;C:\Program Files\Java\jdk1.8.0_101\jre\lib\ext\jfxrt.jar;C:\Program Files\Java\jdk1.8.0_101\jre\lib\ext\localedata.jar;C:\Program Files\Java\jdk1.8.0_101\jre\lib\ext\nashorn.jar;C:\Program Files\Java\jdk1.8.0_101\jre\lib\ext\sunec.jar;C:\Program Files\Java\jdk1.8.0_101\jre\lib\ext\sunjce_provider.jar;C:\Program Files\Java\jdk1.8.0_101\jre\lib\ext\sunmscapi.jar;C:\Program Files\Java\jdk1.8.0_101\jre\lib\ext\sunpkcs11.jar;C:\Program Files\Java\jdk1.8.0_101\jre\lib\ext\zipfs.jar;C:\Program Files\Java\jdk1.8.0_101\jre\lib\javaws.jar;C:\Program Files\Java\jdk1.8.0_101\jre\lib\jce.jar;C:\Program Files\Java\jdk1.8.0_101\jre\lib\jfr.jar;C:\Program Files\Java\jdk1.8.0_101\jre\lib\jfxswt.jar;C:\Program Files\Java\jdk1.8.0_101\jre\lib\jsse.jar;C:\Program Files\Java\jdk1.8.0_101\jre\lib\management-agent.jar;C:\Program Files\Java\jdk1.8.0_101\jre\lib\plugin.jar;C:\Program Files\Java\jdk1.8.0_101\jre\lib\resources.jar;C:\Program Files\Java\jdk1.8.0_101\jre\lib\rt.jar;C:\ccpd\target\classes;C:\Users\Kieran\.m2\repository\org\mockito\mockito-all\2.0.2-beta\mockito-all-2.0.2-beta.jar;C:\Users\Kieran\.m2\repository\org\springframework\boot\spring-boot-starter-web\1.3.1.RELEASE\spring-boot-starter-web-1.3.1.RELEASE.jar;C:\Users\Kieran\.m2\repository\org\springframework\boot\spring-boot-starter\1.3.1.RELEASE\spring-boot-starter-1.3.1.RELEASE.jar;C:\Users\Kieran\.m2\repository\org\springframework\boot\spring-boot\1.3.1.RELEASE\spring-boot-1.3.1.RELEASE.jar;C:\Users\Kieran\.m2\repository\org\springframework\boot\spring-boot-autoconfigure\1.3.1.RELEASE\spring-boot-autoconfigure-1.3.1.RELEASE.jar;C:\Users\Kieran\.
Launcher Type: SUN_STANDARD

Environment Variables:
JAVA_HOME=C:\Program Files\Java\jdk1.8.0_101
PATH=C:\ProgramData\Oracle\Java\javapath;C:\WINDOWS\system32;C:\WINDOWS;C:\WINDOWS\System32\Wbem;C:\WINDOWS\System32\WindowsPowerShell\v1.0\;C:\Program Files (x86)\Skype\Phone\;C:\Users\Kieran\AppData\Local\Android\sdk1\platform-tools\;C:\Users\Kieran\AppData\Local\Android\sdk1\tools\;C:\Maven\apache-maven-3.3.9\bin;C:\Program Files\Git\cmd;C:\Program Files (x86)\Heroku\bin;C:\Program Files (x86)\git\cmd;C:\Program Files (x86)\Git\cmd;C:\Program Files\Java\jdk1.8.0_101\bin\;C:\Program Files (x86)\GtkSharp\2.12\bin;C:\Users\Kieran\Users\Kieran\gradle-3.2.1\bin\
USERNAME=Kieran
OS=Windows_NT
PROCESSOR_IDENTIFIER=Intel64 Family 6 Model 42 Stepping 7, GenuineIntel



---------------  S Y S T E M  ---------------

OS: Windows 10.0 , 64 bit Build 10586 (10.0.10586.589)

CPU:total 4 (2 cores per cpu, 2 threads per core) family 6 model 42 stepping 7, cmov, cx8, fxsr, mmx, sse, sse2, sse3, ssse3, sse4.1, sse4.2, popcnt, avx, aes, clmul, ht, tsc, tscinvbit

Memory: 4k page, physical 6061268k(927492k free), swap 9594356k(4112k free)

vm_info: Java HotSpot(TM) 64-Bit Server VM (25.101-b13) for windows-amd64 JRE (1.8.0_101-b13), built on Jun 22 2016 01:21:29 by "java_re" with MS VC++ 10.0 (VS2010)

time: Fri Dec 23 18:41:52 2016
elapsed time: 5 seconds (0d 0h 0m 5s)

